2026-05-09 09:01:07,808 calphy.helpers INFO     Temperature start: 300.000000 K, temperature stop: 300.000000 K, pressure: 0.000000 bar
2026-05-09 09:01:07,808 calphy.helpers INFO     Pressure adjusted in iso
2026-05-09 09:01:07,808 calphy.helpers INFO     Reference phase is solid
2026-05-09 09:01:07,808 calphy.helpers INFO     Equilibration stage is done using nose-hoover barostat/thermostat
2026-05-09 09:01:07,808 calphy.helpers INFO     Nose-Hoover thermostat damping is 0.100000
2026-05-09 09:01:07,808 calphy.helpers INFO     Nose-Hoover barostat damping is 0.100000
2026-05-09 09:01:07,808 calphy.helpers INFO     These values can be tuned by adding in the input file:
2026-05-09 09:01:07,808 calphy.helpers INFO     nose_hoover:
2026-05-09 09:01:07,808 calphy.helpers INFO        thermostat_damping: <float>
2026-05-09 09:01:07,808 calphy.helpers INFO        barostat_damping: <float>
2026-05-09 09:01:07,808 calphy.helpers INFO     Integration stage is done using Nose-Hoover thermostat and barostat when needed
2026-05-09 09:01:07,808 calphy.helpers INFO     Thermostat damping is 0.100000
2026-05-09 09:01:07,808 calphy.helpers INFO     Barostat damping is 0.100000
2026-05-09 09:01:07,808 calphy.helpers INFO     108 atoms in 1 cells on 1 cores
2026-05-09 09:01:07,808 calphy.helpers INFO     pair_style: eam/fs
2026-05-09 09:01:07,808 calphy.helpers INFO     pair_coeff: * * /cmmc/ptmp/pyironhb/pyiron_latest_env/share/iprpy/potential_LAMMPS/2009--Mendelev-M-I--Al-Mg--LAMMPS--ipr1/Al-Mg.eam.fs Al Mg
2026-05-09 09:01:15,729 calphy.helpers INFO     At count 1 mean pressure is 1.33 bar, std 234.76, vol/atom 16.8972
2026-05-09 09:01:15,729 calphy.helpers INFO     Pressure within tolerance
2026-05-09 09:01:15,729 calphy.helpers INFO     finalized vol/atom 16.897204 at pressure 1.329272
2026-05-09 09:01:15,729 calphy.helpers INFO     Avg box dimensions x: 12.220000, y: 12.220000, z:12.220000
2026-05-09 09:01:19,184 calphy.helpers INFO     At count 1 mean k is 1.551120 std is 0.000000
2026-05-09 09:01:19,184 calphy.helpers INFO     finalized sprint constants
2026-05-09 09:01:19,184 calphy.helpers INFO     [np.float64(1.5511199871861319), np.float64(0.0775559993593066)]
2026-05-09 09:01:20,467 calphy.helpers INFO     Averaging routine finished in 12.658007 s
2026-05-09 09:01:26,528 calphy.helpers INFO     Integration cycle 1 finished in 6.060633 s
2026-05-09 09:01:26,538 calphy.helpers INFO     Report written in /cmmc/u/pchilaka/1_Work/Packages/phase_diagram_workflows/notebooks/Aluminium_free_energy/Al_fe/report.yaml
2026-05-09 09:01:26,538 calphy.helpers INFO     Please cite the following publications:
2026-05-09 09:01:26,538 calphy.helpers INFO     - 10.1103/PhysRevMaterials.5.103801
2026-05-09 09:01:26,538 calphy.helpers INFO     - 10.1016/j.commatsci.2015.10.050
